# JRE version: Java(TM) SE Runtime Environment (8.0_202-b08) (build 1.8.0_202-b08)
# Java VM: Java HotSpot(TM) 64-Bit Server VM (25.202-b08 mixed mode windows-amd64 compressed oops)
Heap:
 PSYoungGen      total 123392K, used 6969K [0x00000000d5d00000, 0x00000000e3c80000, 0x0000000100000000)
  eden space 111104K, 6% used [0x00000000d5d00000,0x00000000d63ce6f0,0x00000000dc980000)
  from space 12288K, 0% used [0x00000000dc980000,0x00000000dc980000,0x00000000dd580000)
  to   space 11776K, 0% used [0x00000000e3100000,0x00000000e3100000,0x00000000e3c80000)
 ParOldGen       total 53760K, used 12571K [0x0000000081600000, 0x0000000084a80000, 0x00000000d5d00000)
  object space 53760K, 23% used [0x0000000081600000,0x0000000082246fc8,0x0000000084a80000)
 Metaspace       used 33296K, capacity 35472K, committed 35800K, reserved 1081344K
  class space    used 4363K, capacity 4756K, committed 4864K, reserved 1048576K
GC Heap History (10 events):
Event: 19.602 GC heap before
{Heap before GC invocations=5 (full 1):
 PSYoungGen      total 38400K, used 33280K [0x00000000d5d00000, 0x00000000da800000, 0x0000000100000000)
  eden space 33280K, 100% used [0x00000000d5d00000,0x00000000d7d80000,0x00000000d7d80000)
  from space 5120K, 0% used [0x00000000d7d80000,0x00000000d7d80000,0x00000000d8280000)
  to   space 5120K, 0% used [0x00000000da300000,0x00000000da300000,0x00000000da800000)
 ParOldGen       total 53760K, used 8670K [0x0000000081600000, 0x0000000084a80000, 0x00000000d5d00000)
  object space 53760K, 16% used [0x0000000081600000,0x0000000081e77828,0x0000000084a80000)
 Metaspace       used 23137K, capacity 24230K, committed 24448K, reserved 1071104K
  class space    used 2912K, capacity 3140K, committed 3200K, reserved 1048576K
Event: 19.658 GC heap after
Heap after GC invocations=5 (full 1):
 PSYoungGen      total 66560K, used 4246K [0x00000000d5d00000, 0x00000000da780000, 0x0000000100000000)
  eden space 61952K, 0% used [0x00000000d5d00000,0x00000000d5d00000,0x00000000d9980000)
  from space 4608K, 92% used [0x00000000da300000,0x00000000da725ab0,0x00000000da780000)
  to   space 5120K, 0% used [0x00000000d9d80000,0x00000000d9d80000,0x00000000da280000)
 ParOldGen       total 53760K, used 8670K [0x0000000081600000, 0x0000000084a80000, 0x00000000d5d00000)
  object space 53760K, 16% used [0x0000000081600000,0x0000000081e77828,0x0000000084a80000)
 Metaspace       used 23137K, capacity 24230K, committed 24448K, reserved 1071104K
  class space    used 2912K, capacity 3140K, committed 3200K, reserved 1048576K
}
Event: 23.317 GC heap before
{Heap before GC invocations=6 (full 1):
 PSYoungGen      total 66560K, used 66198K [0x00000000d5d00000, 0x00000000da780000, 0x0000000100000000)
  eden space 61952K, 100% used [0x00000000d5d00000,0x00000000d9980000,0x00000000d9980000)
  from space 4608K, 92% used [0x00000000da300000,0x00000000da725ab0,0x00000000da780000)
  to   space 5120K, 0% used [0x00000000d9d80000,0x00000000d9d80000,0x00000000da280000)
 ParOldGen       total 53760K, used 8670K [0x0000000081600000, 0x0000000084a80000, 0x00000000d5d00000)
  object space 53760K, 16% used [0x0000000081600000,0x0000000081e77828,0x0000000084a80000)
 Metaspace       used 26183K, capacity 27546K, committed 27776K, reserved 1073152K
  class space    used 3311K, capacity 3609K, committed 3712K, reserved 1048576K
Event: 23.334 GC heap after
Heap after GC invocations=6 (full 1):
 PSYoungGen      total 71168K, used 5106K [0x00000000d5d00000, 0x00000000ddf00000, 0x0000000100000000)
  eden space 66048K, 0% used [0x00000000d5d00000,0x00000000d5d00000,0x00000000d9d80000)
  from space 5120K, 99% used [0x00000000d9d80000,0x00000000da27cab0,0x00000000da280000)
  to   space 9728K, 0% used [0x00000000dd580000,0x00000000dd580000,0x00000000ddf00000)
 ParOldGen       total 53760K, used 10558K [0x0000000081600000, 0x0000000084a80000, 0x00000000d5d00000)
  object space 53760K, 19% used [0x0000000081600000,0x000000008204faf8,0x0000000084a80000)
 Metaspace       used 26183K, capacity 27546K, committed 27776K, reserved 1073152K
  class space    used 3311K, capacity 3609K, committed 3712K, reserved 1048576K
}
Event: 27.777 GC heap before
{Heap before GC invocations=7 (full 1):
 PSYoungGen      total 71168K, used 71154K [0x00000000d5d00000, 0x00000000ddf00000, 0x0000000100000000)
  eden space 66048K, 100% used [0x00000000d5d00000,0x00000000d9d80000,0x00000000d9d80000)
  from space 5120K, 99% used [0x00000000d9d80000,0x00000000da27cab0,0x00000000da280000)
  to   space 9728K, 0% used [0x00000000dd580000,0x00000000dd580000,0x00000000ddf00000)
 ParOldGen       total 53760K, used 10558K [0x0000000081600000, 0x0000000084a80000, 0x00000000d5d00000)
  object space 53760K, 19% used [0x0000000081600000,0x000000008204faf8,0x0000000084a80000)
 Metaspace       used 32162K, capacity 34202K, committed 34304K, reserved 1079296K
  class space    used 4204K, capacity 4589K, committed 4608K, reserved 1048576K
Event: 27.896 GC heap after
Heap after GC invocations=7 (full 1):
 PSYoungGen      total 120832K, used 9723K [0x00000000d5d00000, 0x00000000ded00000, 0x0000000100000000)
  eden space 111104K, 0% used [0x00000000d5d00000,0x00000000d5d00000,0x00000000dc980000)
  from space 9728K, 99% used [0x00000000dd580000,0x00000000ddefefb8,0x00000000ddf00000)
  to   space 12288K, 0% used [0x00000000dc980000,0x00000000dc980000,0x00000000dd580000)
 ParOldGen       total 53760K, used 12268K [0x0000000081600000, 0x0000000084a80000, 0x00000000d5d00000)
  object space 53760K, 22% used [0x0000000081600000,0x00000000821fb1d8,0x0000000084a80000)
 Metaspace       used 32162K, capacity 34202K, committed 34304K, reserved 1079296K
  class space    used 4204K, capacity 4589K, committed 4608K, reserved 1048576K
}
Event: 29.375 GC heap before
{Heap before GC invocations=8 (full 1):
 PSYoungGen      total 120832K, used 28508K [0x00000000d5d00000, 0x00000000ded00000, 0x0000000100000000)
  eden space 111104K, 16% used [0x00000000d5d00000,0x00000000d6f58130,0x00000000dc980000)
  from space 9728K, 99% used [0x00000000dd580000,0x00000000ddefefb8,0x00000000ddf00000)
  to   space 12288K, 0% used [0x00000000dc980000,0x00000000dc980000,0x00000000dd580000)
 ParOldGen       total 53760K, used 12268K [0x0000000081600000, 0x0000000084a80000, 0x00000000d5d00000)
  object space 53760K, 22% used [0x0000000081600000,0x00000000821fb1d8,0x0000000084a80000)
 Metaspace       used 33238K, capacity 35320K, committed 35416K, reserved 1079296K
  class space    used 4351K, capacity 4710K, committed 4736K, reserved 1048576K
Event: 29.391 GC heap after
Heap after GC invocations=8 (full 1):
 PSYoungGen      total 123392K, used 7887K [0x00000000d5d00000, 0x00000000e3c80000, 0x0000000100000000)
  eden space 111104K, 0% used [0x00000000d5d00000,0x00000000d5d00000,0x00000000dc980000)
  from space 12288K, 64% used [0x00000000dc980000,0x00000000dd133e10,0x00000000dd580000)
  to   space 11776K, 0% used [0x00000000e3100000,0x00000000e3100000,0x00000000e3c80000)
 ParOldGen       total 53760K, used 12295K [0x0000000081600000, 0x0000000084a80000, 0x00000000d5d00000)
  object space 53760K, 22% used [0x0000000081600000,0x0000000082201e28,0x0000000084a80000)
 Metaspace       used 33238K, capacity 35320K, committed 35416K, reserved 1079296K
  class space    used 4351K, capacity 4710K, committed 4736K, reserved 1048576K
}
Event: 29.391 GC heap before
{Heap before GC invocations=9 (full 2):
 PSYoungGen      total 123392K, used 7887K [0x00000000d5d00000, 0x00000000e3c80000, 0x0000000100000000)
  eden space 111104K, 0% used [0x00000000d5d00000,0x00000000d5d00000,0x00000000dc980000)
  from space 12288K, 64% used [0x00000000dc980000,0x00000000dd133e10,0x00000000dd580000)
  to   space 11776K, 0% used [0x00000000e3100000,0x00000000e3100000,0x00000000e3c80000)
 ParOldGen       total 53760K, used 12295K [0x0000000081600000, 0x0000000084a80000, 0x00000000d5d00000)
  object space 53760K, 22% used [0x0000000081600000,0x0000000082201e28,0x0000000084a80000)
 Metaspace       used 33238K, capacity 35320K, committed 35416K, reserved 1079296K
  class space    used 4351K, capacity 4710K, committed 4736K, reserved 1048576K
Event: 29.534 GC heap after
Heap after GC invocations=9 (full 2):
 PSYoungGen      total 123392K, used 0K [0x00000000d5d00000, 0x00000000e3c80000, 0x0000000100000000)
  eden space 111104K, 0% used [0x00000000d5d00000,0x00000000d5d00000,0x00000000dc980000)
  from space 12288K, 0% used [0x00000000dc980000,0x00000000dc980000,0x00000000dd580000)
  to   space 11776K, 0% used [0x00000000e3100000,0x00000000e3100000,0x00000000e3c80000)
 ParOldGen       total 53760K, used 12571K [0x0000000081600000, 0x0000000084a80000, 0x00000000d5d00000)
  object space 53760K, 23% used [0x0000000081600000,0x0000000082246fc8,0x0000000084a80000)
 Metaspace       used 33238K, capacity 35320K, committed 35416K, reserved 1079296K
  class space    used 4351K, capacity 4710K, committed 4736K, reserved 1048576K
}

